<?xml version="1.0" encoding="UTF-8"?>
<!-- Generated by org.testng.reporters.JUnitReportReporter -->
<testsuite hostname="DESKTOP-3DIM7HF" failures="0" tests="1" name="com.trello.qspiders.endtoend.TrelloCards" time="9.474" errors="0" timestamp="2023-07-22T12:30:53 IST" skipped="0">
  <testcase classname="com.trello.qspiders.endtoend.TrelloCards" name="createMultipleCardsInSameList" time="9.474"/>
  <system-out/>
</testsuite> <!-- com.trello.qspiders.endtoend.TrelloCards -->
