<?xml version="1.0" encoding="UTF-8"?>
<!-- Generated by org.testng.reporters.JUnitReportReporter -->
<testsuite hostname="DESKTOP-3DIM7HF" failures="0" tests="1" name="Disney.Disney.ViewHomeTest" time="14.290" errors="0" timestamp="2023-12-03T14:19:34 IST" skipped="0">
  <testcase classname="Disney.Disney.ViewHomeTest" name="viewHome" time="14.290"/>
  <system-out/>
</testsuite> <!-- Disney.Disney.ViewHomeTest -->
