<?xml version="1.0" encoding="UTF-8"?>
<!-- Generated by org.testng.reporters.JUnitReportReporter -->
<testsuite hostname="DESKTOP-3DIM7HF" failures="0" tests="1" name="Disney.Disney.ViewShowTest" time="12.300" errors="0" timestamp="2023-12-03T14:19:34 IST" skipped="0">
  <testcase classname="Disney.Disney.ViewShowTest" name="viewShow" time="12.300"/>
  <system-out/>
</testsuite> <!-- Disney.Disney.ViewShowTest -->
